{"C:\\Users\\dziugas.peciuleviciu\\Desktop\\internship tasks\\jest-node\\tasks\\0.js": {"path":"C:\\Users\\dziugas.peciuleviciu\\Desktop\\internship tasks\\jest-node\\tasks\\0.js","statementMap":{"0":{"start":{"line":2,"column":2},"end":{"line":2,"column":15}},"1":{"start":{"line":5,"column":0},"end":{"line":7,"column":2}}},"fnMap":{"0":{"name":"sum","decl":{"start":{"line":1,"column":9},"end":{"line":1,"column":12}},"loc":{"start":{"line":1,"column":19},"end":{"line":3,"column":1}},"line":1}},"branchMap":{},"s":{"0":1,"1":1},"f":{"0":1},"b":{},"_coverageSchema":"1a1c01bbd47fc00a2c39e90264f33305004495a9","hash":"ac1e93470d84534bb8d9249a3e5edad50e140ae9"}
,"C:\\Users\\dziugas.peciuleviciu\\Desktop\\internship tasks\\jest-node\\tasks\\1.js": {"path":"C:\\Users\\dziugas.peciuleviciu\\Desktop\\internship tasks\\jest-node\\tasks\\1.js","statementMap":{"0":{"start":{"line":3,"column":13},"end":{"line":3,"column":15}},"1":{"start":{"line":4,"column":2},"end":{"line":6,"column":3}},"2":{"start":{"line":4,"column":15},"end":{"line":4,"column":16}},"3":{"start":{"line":5,"column":4},"end":{"line":5,"column":17}},"4":{"start":{"line":8,"column":2},"end":{"line":8,"column":14}},"5":{"start":{"line":11,"column":0},"end":{"line":11,"column":29}},"6":{"start":{"line":14,"column":17},"end":{"line":19,"column":1}},"7":{"start":{"line":15,"column":2},"end":{"line":18,"column":18}},"8":{"start":{"line":17,"column":21},"end":{"line":17,"column":28}},"9":{"start":{"line":21,"column":0},"end":{"line":21,"column":29}},"10":{"start":{"line":23,"column":0},"end":{"line":26,"column":2}}},"fnMap":{"0":{"name":"rangeES5","decl":{"start":{"line":2,"column":9},"end":{"line":2,"column":17}},"loc":{"start":{"line":2,"column":24},"end":{"line":9,"column":1}},"line":2},"1":{"name":"(anonymous_1)","decl":{"start":{"line":14,"column":17},"end":{"line":14,"column":18}},"loc":{"start":{"line":14,"column":27},"end":{"line":19,"column":1}},"line":14},"2":{"name":"(anonymous_2)","decl":{"start":{"line":17,"column":9},"end":{"line":17,"column":10}},"loc":{"start":{"line":17,"column":21},"end":{"line":17,"column":28}},"line":17}},"branchMap":{},"s":{"0":2,"1":2,"2":2,"3":12,"4":2,"5":1,"6":1,"7":2,"8":14,"9":1,"10":1},"f":{"0":2,"1":2,"2":14},"b":{},"_coverageSchema":"1a1c01bbd47fc00a2c39e90264f33305004495a9","hash":"6427c02e79eac096dbdecff194c893f69f06f6d6"}
,"C:\\Users\\dziugas.peciuleviciu\\Desktop\\internship tasks\\jest-node\\tasks\\10.js": {"path":"C:\\Users\\dziugas.peciuleviciu\\Desktop\\internship tasks\\jest-node\\tasks\\10.js","statementMap":{"0":{"start":{"line":1,"column":20},"end":{"line":30,"column":1}},"1":{"start":{"line":2,"column":15},"end":{"line":2,"column":16}},"2":{"start":{"line":3,"column":2},"end":{"line":7,"column":4}},"3":{"start":{"line":4,"column":4},"end":{"line":4,"column":24}},"4":{"start":{"line":6,"column":4},"end":{"line":6,"column":16}},"5":{"start":{"line":9,"column":2},"end":{"line":13,"column":4}},"6":{"start":{"line":10,"column":4},"end":{"line":10,"column":24}},"7":{"start":{"line":12,"column":4},"end":{"line":12,"column":16}},"8":{"start":{"line":15,"column":2},"end":{"line":19,"column":4}},"9":{"start":{"line":16,"column":4},"end":{"line":16,"column":24}},"10":{"start":{"line":18,"column":4},"end":{"line":18,"column":16}},"11":{"start":{"line":21,"column":2},"end":{"line":25,"column":4}},"12":{"start":{"line":22,"column":4},"end":{"line":22,"column":24}},"13":{"start":{"line":24,"column":4},"end":{"line":24,"column":16}},"14":{"start":{"line":27,"column":2},"end":{"line":29,"column":4}},"15":{"start":{"line":28,"column":4},"end":{"line":28,"column":18}},"16":{"start":{"line":32,"column":20},"end":{"line":32,"column":40}},"17":{"start":{"line":33,"column":12},"end":{"line":33,"column":71}},"18":{"start":{"line":34,"column":0},"end":{"line":34,"column":28}},"19":{"start":{"line":40,"column":10},"end":{"line":40,"column":11}},"20":{"start":{"line":43,"column":4},"end":{"line":43,"column":24}},"21":{"start":{"line":44,"column":4},"end":{"line":44,"column":16}},"22":{"start":{"line":48,"column":4},"end":{"line":48,"column":24}},"23":{"start":{"line":49,"column":4},"end":{"line":49,"column":16}},"24":{"start":{"line":53,"column":4},"end":{"line":53,"column":24}},"25":{"start":{"line":54,"column":4},"end":{"line":54,"column":16}},"26":{"start":{"line":58,"column":4},"end":{"line":58,"column":24}},"27":{"start":{"line":59,"column":4},"end":{"line":59,"column":16}},"28":{"start":{"line":63,"column":20},"end":{"line":63,"column":40}},"29":{"start":{"line":64,"column":13},"end":{"line":64,"column":69}},"30":{"start":{"line":65,"column":0},"end":{"line":65,"column":30}},"31":{"start":{"line":67,"column":0},"end":{"line":70,"column":2}}},"fnMap":{"0":{"name":"(anonymous_0)","decl":{"start":{"line":1,"column":20},"end":{"line":1,"column":21}},"loc":{"start":{"line":1,"column":32},"end":{"line":30,"column":1}},"line":1},"1":{"name":"(anonymous_1)","decl":{"start":{"line":3,"column":13},"end":{"line":3,"column":14}},"loc":{"start":{"line":3,"column":26},"end":{"line":7,"column":3}},"line":3},"2":{"name":"(anonymous_2)","decl":{"start":{"line":9,"column":19},"end":{"line":9,"column":20}},"loc":{"start":{"line":9,"column":32},"end":{"line":13,"column":3}},"line":9},"3":{"name":"(anonymous_3)","decl":{"start":{"line":15,"column":18},"end":{"line":15,"column":19}},"loc":{"start":{"line":15,"column":31},"end":{"line":19,"column":3}},"line":15},"4":{"name":"(anonymous_4)","decl":{"start":{"line":21,"column":16},"end":{"line":21,"column":17}},"loc":{"start":{"line":21,"column":29},"end":{"line":25,"column":3}},"line":21},"5":{"name":"(anonymous_5)","decl":{"start":{"line":27,"column":16},"end":{"line":27,"column":17}},"loc":{"start":{"line":27,"column":28},"end":{"line":29,"column":3}},"line":27},"6":{"name":"(anonymous_6)","decl":{"start":{"line":42,"column":2},"end":{"line":42,"column":3}},"loc":{"start":{"line":42,"column":13},"end":{"line":45,"column":3}},"line":42},"7":{"name":"(anonymous_7)","decl":{"start":{"line":47,"column":2},"end":{"line":47,"column":3}},"loc":{"start":{"line":47,"column":19},"end":{"line":50,"column":3}},"line":47},"8":{"name":"(anonymous_8)","decl":{"start":{"line":52,"column":2},"end":{"line":52,"column":3}},"loc":{"start":{"line":52,"column":18},"end":{"line":55,"column":3}},"line":52},"9":{"name":"(anonymous_9)","decl":{"start":{"line":57,"column":2},"end":{"line":57,"column":3}},"loc":{"start":{"line":57,"column":16},"end":{"line":60,"column":3}},"line":57}},"branchMap":{},"s":{"0":1,"1":1,"2":1,"3":2,"4":2,"5":1,"6":0,"7":0,"8":1,"9":1,"10":1,"11":1,"12":1,"13":1,"14":1,"15":1,"16":1,"17":1,"18":1,"19":3,"20":6,"21":6,"22":0,"23":0,"24":2,"25":2,"26":2,"27":2,"28":1,"29":1,"30":1,"31":1},"f":{"0":1,"1":2,"2":0,"3":1,"4":1,"5":1,"6":6,"7":0,"8":2,"9":2},"b":{},"_coverageSchema":"1a1c01bbd47fc00a2c39e90264f33305004495a9","hash":"a6ff99b4d62be199acd829324cbdcc37ee17b109"}
,"C:\\Users\\dziugas.peciuleviciu\\Desktop\\internship tasks\\jest-node\\tasks\\11.js": {"path":"C:\\Users\\dziugas.peciuleviciu\\Desktop\\internship tasks\\jest-node\\tasks\\11.js","statementMap":{"0":{"start":{"line":1,"column":12},"end":{"line":1,"column":61}},"1":{"start":{"line":1,"column":25},"end":{"line":1,"column":61}},"2":{"start":{"line":1,"column":38},"end":{"line":1,"column":61}},"3":{"start":{"line":3,"column":0},"end":{"line":3,"column":38}},"4":{"start":{"line":5,"column":0},"end":{"line":7,"column":2}}},"fnMap":{"0":{"name":"(anonymous_0)","decl":{"start":{"line":1,"column":12},"end":{"line":1,"column":13}},"loc":{"start":{"line":1,"column":25},"end":{"line":1,"column":61}},"line":1},"1":{"name":"(anonymous_1)","decl":{"start":{"line":1,"column":25},"end":{"line":1,"column":26}},"loc":{"start":{"line":1,"column":38},"end":{"line":1,"column":61}},"line":1}},"branchMap":{},"s":{"0":1,"1":2,"2":2,"3":1,"4":1},"f":{"0":2,"1":2},"b":{},"_coverageSchema":"1a1c01bbd47fc00a2c39e90264f33305004495a9","hash":"6030b6b211f0c5b7746294c102d8ef1d1d5f139d"}
,"C:\\Users\\dziugas.peciuleviciu\\Desktop\\internship tasks\\jest-node\\tasks\\2.js": {"path":"C:\\Users\\dziugas.peciuleviciu\\Desktop\\internship tasks\\jest-node\\tasks\\2.js","statementMap":{"0":{"start":{"line":2,"column":23},"end":{"line":2,"column":41}},"1":{"start":{"line":5,"column":12},"end":{"line":5,"column":13}},"2":{"start":{"line":6,"column":2},"end":{"line":8,"column":3}},"3":{"start":{"line":6,"column":15},"end":{"line":6,"column":16}},"4":{"start":{"line":7,"column":4},"end":{"line":7,"column":36}},"5":{"start":{"line":9,"column":2},"end":{"line":9,"column":13}},"6":{"start":{"line":12,"column":0},"end":{"line":12,"column":22}},"7":{"start":{"line":15,"column":25},"end":{"line":15,"column":40}},"8":{"start":{"line":17,"column":15},"end":{"line":17,"column":72}},"9":{"start":{"line":17,"column":46},"end":{"line":17,"column":72}},"10":{"start":{"line":19,"column":0},"end":{"line":19,"column":45}},"11":{"start":{"line":21,"column":0},"end":{"line":25,"column":2}}},"fnMap":{"0":{"name":"sumES5","decl":{"start":{"line":4,"column":9},"end":{"line":4,"column":15}},"loc":{"start":{"line":4,"column":18},"end":{"line":10,"column":1}},"line":4},"1":{"name":"(anonymous_1)","decl":{"start":{"line":17,"column":15},"end":{"line":17,"column":16}},"loc":{"start":{"line":17,"column":46},"end":{"line":17,"column":72}},"line":17}},"branchMap":{},"s":{"0":1,"1":2,"2":2,"3":2,"4":12,"5":2,"6":1,"7":1,"8":1,"9":8,"10":1,"11":1},"f":{"0":2,"1":8},"b":{},"_coverageSchema":"1a1c01bbd47fc00a2c39e90264f33305004495a9","hash":"e64c9335c5e39ec9da9c13871852fa4966432447"}
,"C:\\Users\\dziugas.peciuleviciu\\Desktop\\internship tasks\\jest-node\\tasks\\3.js": {"path":"C:\\Users\\dziugas.peciuleviciu\\Desktop\\internship tasks\\jest-node\\tasks\\3.js","statementMap":{"0":{"start":{"line":1,"column":13},"end":{"line":12,"column":1}},"1":{"start":{"line":16,"column":2},"end":{"line":20,"column":3}},"2":{"start":{"line":16,"column":15},"end":{"line":16,"column":16}},"3":{"start":{"line":17,"column":4},"end":{"line":19,"column":5}},"4":{"start":{"line":18,"column":6},"end":{"line":18,"column":29}},"5":{"start":{"line":21,"column":2},"end":{"line":21,"column":12}},"6":{"start":{"line":24,"column":0},"end":{"line":24,"column":33}},"7":{"start":{"line":27,"column":17},"end":{"line":30,"column":1}},"8":{"start":{"line":28,"column":17},"end":{"line":28,"column":60}},"9":{"start":{"line":28,"column":40},"end":{"line":28,"column":59}},"10":{"start":{"line":29,"column":2},"end":{"line":29,"column":36}},"11":{"start":{"line":32,"column":0},"end":{"line":32,"column":32}},"12":{"start":{"line":34,"column":0},"end":{"line":37,"column":2}}},"fnMap":{"0":{"name":"mottoES5","decl":{"start":{"line":15,"column":9},"end":{"line":15,"column":17}},"loc":{"start":{"line":15,"column":24},"end":{"line":22,"column":1}},"line":15},"1":{"name":"(anonymous_1)","decl":{"start":{"line":27,"column":17},"end":{"line":27,"column":18}},"loc":{"start":{"line":27,"column":27},"end":{"line":30,"column":1}},"line":27},"2":{"name":"(anonymous_2)","decl":{"start":{"line":28,"column":29},"end":{"line":28,"column":30}},"loc":{"start":{"line":28,"column":40},"end":{"line":28,"column":59}},"line":28}},"branchMap":{"0":{"loc":{"start":{"line":17,"column":4},"end":{"line":19,"column":5}},"type":"if","locations":[{"start":{"line":17,"column":4},"end":{"line":19,"column":5}},{"start":{"line":17,"column":4},"end":{"line":19,"column":5}}],"line":17},"1":{"loc":{"start":{"line":29,"column":9},"end":{"line":29,"column":35}},"type":"cond-expr","locations":[{"start":{"line":29,"column":18},"end":{"line":29,"column":30}},{"start":{"line":29,"column":33},"end":{"line":29,"column":35}}],"line":29}},"s":{"0":1,"1":3,"2":3,"3":30,"4":2,"5":1,"6":1,"7":1,"8":3,"9":16,"10":3,"11":1,"12":1},"f":{"0":3,"1":3,"2":16},"b":{"0":[2,28],"1":[2,1]},"_coverageSchema":"1a1c01bbd47fc00a2c39e90264f33305004495a9","hash":"ef49a6c2ed1cf0b89f03f0de53b9444e99355376"}
,"C:\\Users\\dziugas.peciuleviciu\\Desktop\\internship tasks\\jest-node\\tasks\\4.js": {"path":"C:\\Users\\dziugas.peciuleviciu\\Desktop\\internship tasks\\jest-node\\tasks\\4.js","statementMap":{"0":{"start":{"line":1,"column":14},"end":{"line":1,"column":67}},"1":{"start":{"line":3,"column":25},"end":{"line":5,"column":1}},"2":{"start":{"line":4,"column":2},"end":{"line":4,"column":56}},"3":{"start":{"line":4,"column":32},"end":{"line":4,"column":54}},"4":{"start":{"line":7,"column":0},"end":{"line":7,"column":32}},"5":{"start":{"line":9,"column":0},"end":{"line":11,"column":2}}},"fnMap":{"0":{"name":"(anonymous_0)","decl":{"start":{"line":3,"column":25},"end":{"line":3,"column":26}},"loc":{"start":{"line":3,"column":31},"end":{"line":5,"column":1}},"line":3},"1":{"name":"(anonymous_1)","decl":{"start":{"line":4,"column":22},"end":{"line":4,"column":23}},"loc":{"start":{"line":4,"column":32},"end":{"line":4,"column":54}},"line":4}},"branchMap":{},"s":{"0":1,"1":1,"2":2,"3":14,"4":1,"5":1},"f":{"0":2,"1":14},"b":{},"_coverageSchema":"1a1c01bbd47fc00a2c39e90264f33305004495a9","hash":"e3dffaae6d49b2ecda93b389ca35969f1ea7a953"}
,"C:\\Users\\dziugas.peciuleviciu\\Desktop\\internship tasks\\jest-node\\tasks\\5.js": {"path":"C:\\Users\\dziugas.peciuleviciu\\Desktop\\internship tasks\\jest-node\\tasks\\5.js","statementMap":{"0":{"start":{"line":1,"column":19},"end":{"line":4,"column":1}},"1":{"start":{"line":2,"column":14},"end":{"line":2,"column":35}},"2":{"start":{"line":3,"column":2},"end":{"line":3,"column":28}},"3":{"start":{"line":6,"column":0},"end":{"line":6,"column":64}},"4":{"start":{"line":8,"column":0},"end":{"line":10,"column":2}}},"fnMap":{"0":{"name":"(anonymous_0)","decl":{"start":{"line":1,"column":19},"end":{"line":1,"column":20}},"loc":{"start":{"line":1,"column":37},"end":{"line":4,"column":1}},"line":1}},"branchMap":{},"s":{"0":1,"1":2,"2":2,"3":1,"4":1},"f":{"0":2},"b":{},"_coverageSchema":"1a1c01bbd47fc00a2c39e90264f33305004495a9","hash":"4c17d4924eccf168c58b58ee468a1ac76347cfaf"}
,"C:\\Users\\dziugas.peciuleviciu\\Desktop\\internship tasks\\jest-node\\tasks\\6.js": {"path":"C:\\Users\\dziugas.peciuleviciu\\Desktop\\internship tasks\\jest-node\\tasks\\6.js","statementMap":{"0":{"start":{"line":1,"column":13},"end":{"line":5,"column":1}},"1":{"start":{"line":2,"column":2},"end":{"line":4,"column":4}},"2":{"start":{"line":3,"column":4},"end":{"line":3,"column":17}},"3":{"start":{"line":8,"column":13},"end":{"line":8,"column":32}},"4":{"start":{"line":8,"column":20},"end":{"line":8,"column":32}},"5":{"start":{"line":8,"column":27},"end":{"line":8,"column":32}},"6":{"start":{"line":10,"column":0},"end":{"line":10,"column":24}},"7":{"start":{"line":11,"column":0},"end":{"line":11,"column":24}},"8":{"start":{"line":13,"column":0},"end":{"line":16,"column":2}}},"fnMap":{"0":{"name":"(anonymous_0)","decl":{"start":{"line":1,"column":13},"end":{"line":1,"column":14}},"loc":{"start":{"line":1,"column":20},"end":{"line":5,"column":1}},"line":1},"1":{"name":"(anonymous_1)","decl":{"start":{"line":2,"column":9},"end":{"line":2,"column":10}},"loc":{"start":{"line":2,"column":22},"end":{"line":4,"column":3}},"line":2},"2":{"name":"(anonymous_2)","decl":{"start":{"line":8,"column":13},"end":{"line":8,"column":14}},"loc":{"start":{"line":8,"column":20},"end":{"line":8,"column":32}},"line":8},"3":{"name":"(anonymous_3)","decl":{"start":{"line":8,"column":20},"end":{"line":8,"column":21}},"loc":{"start":{"line":8,"column":27},"end":{"line":8,"column":32}},"line":8}},"branchMap":{},"s":{"0":1,"1":2,"2":2,"3":1,"4":2,"5":2,"6":1,"7":1,"8":1},"f":{"0":2,"1":2,"2":2,"3":2},"b":{},"_coverageSchema":"1a1c01bbd47fc00a2c39e90264f33305004495a9","hash":"60bbf436ddf303dea307acf386f19f7fd3453794"}
,"C:\\Users\\dziugas.peciuleviciu\\Desktop\\internship tasks\\jest-node\\tasks\\7.js": {"path":"C:\\Users\\dziugas.peciuleviciu\\Desktop\\internship tasks\\jest-node\\tasks\\7.js","statementMap":{"0":{"start":{"line":1,"column":18},"end":{"line":3,"column":1}},"1":{"start":{"line":2,"column":2},"end":{"line":2,"column":38}},"2":{"start":{"line":5,"column":0},"end":{"line":5,"column":30}},"3":{"start":{"line":6,"column":0},"end":{"line":6,"column":52}},"4":{"start":{"line":8,"column":0},"end":{"line":10,"column":2}}},"fnMap":{"0":{"name":"(anonymous_0)","decl":{"start":{"line":1,"column":18},"end":{"line":1,"column":19}},"loc":{"start":{"line":1,"column":27},"end":{"line":3,"column":1}},"line":1}},"branchMap":{},"s":{"0":1,"1":3,"2":1,"3":1,"4":1},"f":{"0":3},"b":{},"_coverageSchema":"1a1c01bbd47fc00a2c39e90264f33305004495a9","hash":"6f073c2ca3b21fde235d53b93b0db548779aa777"}
,"C:\\Users\\dziugas.peciuleviciu\\Desktop\\internship tasks\\jest-node\\tasks\\8.js": {"path":"C:\\Users\\dziugas.peciuleviciu\\Desktop\\internship tasks\\jest-node\\tasks\\8.js","statementMap":{"0":{"start":{"line":1,"column":12},"end":{"line":11,"column":1}},"1":{"start":{"line":2,"column":14},"end":{"line":2,"column":15}},"2":{"start":{"line":5,"column":2},"end":{"line":10,"column":4}},"3":{"start":{"line":6,"column":4},"end":{"line":6,"column":12}},"4":{"start":{"line":7,"column":4},"end":{"line":9,"column":6}},"5":{"start":{"line":8,"column":6},"end":{"line":8,"column":37}},"6":{"start":{"line":13,"column":14},"end":{"line":13,"column":19}},"7":{"start":{"line":14,"column":0},"end":{"line":14,"column":8}},"8":{"start":{"line":15,"column":0},"end":{"line":15,"column":9}},"9":{"start":{"line":16,"column":0},"end":{"line":16,"column":15}},"10":{"start":{"line":17,"column":13},"end":{"line":17,"column":27}},"11":{"start":{"line":19,"column":0},"end":{"line":21,"column":2}}},"fnMap":{"0":{"name":"(anonymous_0)","decl":{"start":{"line":1,"column":12},"end":{"line":1,"column":13}},"loc":{"start":{"line":1,"column":18},"end":{"line":11,"column":1}},"line":1},"1":{"name":"wrapper","decl":{"start":{"line":5,"column":18},"end":{"line":5,"column":25}},"loc":{"start":{"line":5,"column":28},"end":{"line":10,"column":3}},"line":5},"2":{"name":"(anonymous_2)","decl":{"start":{"line":7,"column":21},"end":{"line":7,"column":22}},"loc":{"start":{"line":7,"column":27},"end":{"line":9,"column":5}},"line":7}},"branchMap":{},"s":{"0":1,"1":2,"2":2,"3":6,"4":6,"5":2,"6":1,"7":1,"8":1,"9":1,"10":1,"11":1},"f":{"0":2,"1":6,"2":2},"b":{},"_coverageSchema":"1a1c01bbd47fc00a2c39e90264f33305004495a9","hash":"edd20a1a927f52eb6405ebb33a50c385cf3ecbdb"}
,"C:\\Users\\dziugas.peciuleviciu\\Desktop\\internship tasks\\jest-node\\tasks\\9.js": {"path":"C:\\Users\\dziugas.peciuleviciu\\Desktop\\internship tasks\\jest-node\\tasks\\9.js","statementMap":{"0":{"start":{"line":1,"column":10},"end":{"line":1,"column":41}},"1":{"start":{"line":3,"column":23},"end":{"line":4,"column":86}},"2":{"start":{"line":4,"column":2},"end":{"line":4,"column":86}},"3":{"start":{"line":4,"column":59},"end":{"line":4,"column":85}},"4":{"start":{"line":6,"column":0},"end":{"line":6,"column":30}},"5":{"start":{"line":8,"column":0},"end":{"line":10,"column":2}}},"fnMap":{"0":{"name":"(anonymous_0)","decl":{"start":{"line":3,"column":23},"end":{"line":3,"column":24}},"loc":{"start":{"line":4,"column":2},"end":{"line":4,"column":86}},"line":4},"1":{"name":"(anonymous_1)","decl":{"start":{"line":4,"column":28},"end":{"line":4,"column":29}},"loc":{"start":{"line":4,"column":59},"end":{"line":4,"column":85}},"line":4}},"branchMap":{},"s":{"0":1,"1":1,"2":2,"3":14,"4":1,"5":1},"f":{"0":2,"1":14},"b":{},"_coverageSchema":"1a1c01bbd47fc00a2c39e90264f33305004495a9","hash":"b25f0f83b930d109a6b829fbd0e370fe678f32e1"}
}
