TN:
SF:tasks\0.js
FN:1,sum
FNF:1
FNH:1
FNDA:1,sum
DA:2,1
DA:5,1
LF:2
LH:2
BRF:0
BRH:0
end_of_record
TN:
SF:tasks\1.js
FN:2,rangeES5
FN:14,(anonymous_1)
FN:17,(anonymous_2)
FNF:3
FNH:3
FNDA:2,rangeES5
FNDA:2,(anonymous_1)
FNDA:14,(anonymous_2)
DA:3,2
DA:4,2
DA:5,12
DA:8,2
DA:11,1
DA:14,1
DA:15,2
DA:17,14
DA:21,1
DA:23,1
LF:10
LH:10
BRF:0
BRH:0
end_of_record
TN:
SF:tasks\10.js
FN:1,(anonymous_0)
FN:3,(anonymous_1)
FN:9,(anonymous_2)
FN:15,(anonymous_3)
FN:21,(anonymous_4)
FN:27,(anonymous_5)
FN:42,(anonymous_6)
FN:47,(anonymous_7)
FN:52,(anonymous_8)
FN:57,(anonymous_9)
FNF:10
FNH:8
FNDA:1,(anonymous_0)
FNDA:2,(anonymous_1)
FNDA:0,(anonymous_2)
FNDA:1,(anonymous_3)
FNDA:1,(anonymous_4)
FNDA:1,(anonymous_5)
FNDA:6,(anonymous_6)
FNDA:0,(anonymous_7)
FNDA:2,(anonymous_8)
FNDA:2,(anonymous_9)
DA:1,1
DA:2,1
DA:3,1
DA:4,2
DA:6,2
DA:9,1
DA:10,0
DA:12,0
DA:15,1
DA:16,1
DA:18,1
DA:21,1
DA:22,1
DA:24,1
DA:27,1
DA:28,1
DA:32,1
DA:33,1
DA:34,1
DA:40,3
DA:43,6
DA:44,6
DA:48,0
DA:49,0
DA:53,2
DA:54,2
DA:58,2
DA:59,2
DA:63,1
DA:64,1
DA:65,1
DA:67,1
LF:32
LH:28
BRF:0
BRH:0
end_of_record
TN:
SF:tasks\11.js
FN:1,(anonymous_0)
FN:1,(anonymous_1)
FNF:2
FNH:2
FNDA:2,(anonymous_0)
FNDA:2,(anonymous_1)
DA:1,2
DA:3,1
DA:5,1
LF:3
LH:3
BRF:0
BRH:0
end_of_record
TN:
SF:tasks\2.js
FN:4,sumES5
FN:17,(anonymous_1)
FNF:2
FNH:2
FNDA:2,sumES5
FNDA:8,(anonymous_1)
DA:2,1
DA:5,2
DA:6,2
DA:7,12
DA:9,2
DA:12,1
DA:15,1
DA:17,8
DA:19,1
DA:21,1
LF:10
LH:10
BRF:0
BRH:0
end_of_record
TN:
SF:tasks\3.js
FN:15,mottoES5
FN:27,(anonymous_1)
FN:28,(anonymous_2)
FNF:3
FNH:3
FNDA:3,mottoES5
FNDA:3,(anonymous_1)
FNDA:16,(anonymous_2)
DA:1,1
DA:16,3
DA:17,30
DA:18,2
DA:21,1
DA:24,1
DA:27,1
DA:28,16
DA:29,3
DA:32,1
DA:34,1
LF:11
LH:11
BRDA:17,0,0,2
BRDA:17,0,1,28
BRDA:29,1,0,2
BRDA:29,1,1,1
BRF:4
BRH:4
end_of_record
TN:
SF:tasks\4.js
FN:3,(anonymous_0)
FN:4,(anonymous_1)
FNF:2
FNH:2
FNDA:2,(anonymous_0)
FNDA:14,(anonymous_1)
DA:1,1
DA:3,1
DA:4,14
DA:7,1
DA:9,1
LF:5
LH:5
BRF:0
BRH:0
end_of_record
TN:
SF:tasks\5.js
FN:1,(anonymous_0)
FNF:1
FNH:1
FNDA:2,(anonymous_0)
DA:1,1
DA:2,2
DA:3,2
DA:6,1
DA:8,1
LF:5
LH:5
BRF:0
BRH:0
end_of_record
TN:
SF:tasks\6.js
FN:1,(anonymous_0)
FN:2,(anonymous_1)
FN:8,(anonymous_2)
FN:8,(anonymous_3)
FNF:4
FNH:4
FNDA:2,(anonymous_0)
FNDA:2,(anonymous_1)
FNDA:2,(anonymous_2)
FNDA:2,(anonymous_3)
DA:1,1
DA:2,2
DA:3,2
DA:8,2
DA:10,1
DA:11,1
DA:13,1
LF:7
LH:7
BRF:0
BRH:0
end_of_record
TN:
SF:tasks\7.js
FN:1,(anonymous_0)
FNF:1
FNH:1
FNDA:3,(anonymous_0)
DA:1,1
DA:2,3
DA:5,1
DA:6,1
DA:8,1
LF:5
LH:5
BRF:0
BRH:0
end_of_record
TN:
SF:tasks\8.js
FN:1,(anonymous_0)
FN:5,wrapper
FN:7,(anonymous_2)
FNF:3
FNH:3
FNDA:2,(anonymous_0)
FNDA:6,wrapper
FNDA:2,(anonymous_2)
DA:1,1
DA:2,2
DA:5,2
DA:6,6
DA:7,6
DA:8,2
DA:13,1
DA:14,1
DA:15,1
DA:16,1
DA:17,1
DA:19,1
LF:12
LH:12
BRF:0
BRH:0
end_of_record
TN:
SF:tasks\9.js
FN:3,(anonymous_0)
FN:4,(anonymous_1)
FNF:2
FNH:2
FNDA:2,(anonymous_0)
FNDA:14,(anonymous_1)
DA:1,1
DA:3,1
DA:4,14
DA:6,1
DA:8,1
LF:5
LH:5
BRF:0
BRH:0
end_of_record
